
Loading data...
Loaded 32687 boxscore records from 2025-10-07 to 2026-02-05

Starting walk-forward backtest...

================================================================================
WALK-FORWARD BACKTEST: 2025-11-07 to 2026-02-05
Retraining every 14 days
================================================================================


>>> Retraining on data through 2025-11-06
Traceback (most recent call last):
  File "/sessions/youthful-funny-faraday/mnt/Code/projection/mdn_projection.py", line 704, in <module>
    main()
  File "/sessions/youthful-funny-faraday/mnt/Code/projection/mdn_projection.py", line 686, in main
    mdn_results = run_backtest(df)
  File "/sessions/youthful-funny-faraday/mnt/Code/projection/mdn_projection.py", line 479, in run_backtest
    X_train, y_train, norm_stats = prepare_training_data(df, current_date - timedelta(days=1))
  File "/sessions/youthful-funny-faraday/mnt/Code/projection/mdn_projection.py", line 240, in prepare_training_data
    X, y, _, _, _, _ = build_feature_matrix(df, pred_date, train_data=True)
  File "/sessions/youthful-funny-faraday/mnt/Code/projection/mdn_projection.py", line 205, in build_feature_matrix
    X = pd.concat([
  File "/usr/local/lib/python3.10/dist-packages/pandas/core/reshape/concat.py", line 395, in concat
    return op.get_result()
  File "/usr/local/lib/python3.10/dist-packages/pandas/core/reshape/concat.py", line 680, in get_result
    indexers[ax] = obj_labels.get_indexer(new_labels)
  File "/usr/local/lib/python3.10/dist-packages/pandas/core/indexes/base.py", line 3892, in get_indexer
    raise InvalidIndexError(self._requires_unique_msg)
pandas.errors.InvalidIndexError: Reindexing only valid with uniquely valued Index objects
